Using pre-set license
Built from '2020.3/staging' branch; Version is '2020.3.16f1 (049d6eca3c44) revision 302446'; Using compiler version '192528614'; Build Type 'Release'
OS: 'Windows 10 Pro; OS build 19042.1586; Version 2009; 64bit' Language: 'en' Physical Memory: 16347 MB
BatchMode: 1, IsHumanControllingUs: 0, StartBugReporterOnCrash: 0, Is64bit: 1, IsPro: 0

 COMMAND LINE ARGUMENTS:
C:\Users\User\Documents\2020.3.16f1\Editor\Unity.exe
-adb2
-batchMode
-noUpm
-name
AssetImportWorker0
-projectPath
C:/Users/User/Documents/MarioWaterShaders
-logFile
Logs/AssetImportWorker0.log
-srvPort
50559
Successfully changed project path to: C:/Users/User/Documents/MarioWaterShaders
C:/Users/User/Documents/MarioWaterShaders
Using Asset Import Pipeline V2.
Refreshing native plugins compatible for Editor in 43.21 ms, found 2 plugins.
Preloading 0 native plugins for Editor in 0.00 ms.
Initialize engine version: 2020.3.16f1 (049d6eca3c44)
[Subsystems] Discovering subsystems at path C:/Users/User/Documents/2020.3.16f1/Editor/Data/Resources/UnitySubsystems
[Subsystems] Discovering subsystems at path C:/Users/User/Documents/MarioWaterShaders/Assets
GfxDevice: creating device client; threaded=0
Direct3D:
    Version:  Direct3D 11.0 [level 11.1]
    Renderer: NVIDIA GeForce GTX 1060 3GB (ID=0x1c02)
    Vendor:   
    VRAM:     2988 MB
    Driver:   30.0.15.1179
Initialize mono
Mono path[0] = 'C:/Users/User/Documents/2020.3.16f1/Editor/Data/Managed'
Mono path[1] = 'C:/Users/User/Documents/2020.3.16f1/Editor/Data/MonoBleedingEdge/lib/mono/unityjit'
Mono config path = 'C:/Users/User/Documents/2020.3.16f1/Editor/Data/MonoBleedingEdge/etc'
Using monoOptions --debugger-agent=transport=dt_socket,embedding=1,server=y,suspend=n,address=127.0.0.1:56652
Begin MonoManager ReloadAssembly
Registering precompiled unity dll's ...
Register platform support module: C:/Users/User/Documents/2020.3.16f1/Editor/Data/PlaybackEngines/WebGLSupport/UnityEditor.WebGL.Extensions.dll
Register platform support module: C:/Users/User/Documents/2020.3.16f1/Editor/Data/PlaybackEngines/WindowsStandaloneSupport/UnityEditor.WindowsStandalone.Extensions.dll
Registered in 0.003964 seconds.
Native extension for WindowsStandalone target not found
Native extension for WebGL target not found
Refreshing native plugins compatible for Editor in 39.02 ms, found 2 plugins.
Preloading 0 native plugins for Editor in 0.00 ms.
Mono: successfully reloaded assembly
- Completed reload, in  1.604 seconds
Domain Reload Profiling:
	ReloadAssembly (1604ms)
		BeginReloadAssembly (76ms)
			ExecutionOrderSort (0ms)
			DisableScriptedObjects (0ms)
			BackupInstance (0ms)
			ReleaseScriptingObjects (0ms)
			CreateAndSetChildDomain (1ms)
		EndReloadAssembly (545ms)
			LoadAssemblies (72ms)
			RebuildTransferFunctionScriptingTraits (0ms)
			SetupTypeCache (200ms)
			ReleaseScriptCaches (0ms)
			RebuildScriptCaches (42ms)
			SetupLoadedEditorAssemblies (210ms)
				LogAssemblyErrors (0ms)
				InitializePlatformSupportModulesInManaged (6ms)
				SetLoadedEditorAssemblies (0ms)
				RefreshPlugins (39ms)
				BeforeProcessingInitializeOnLoad (16ms)
				ProcessInitializeOnLoadAttributes (109ms)
				ProcessInitializeOnLoadMethodAttributes (39ms)
				AfterProcessingInitializeOnLoad (0ms)
				EditorAssembliesLoaded (0ms)
			ExecutionOrderSort2 (0ms)
			AwakeInstancesAfterBackupRestoration (0ms)
Platform modules already initialized, skipping
Registering precompiled user dll's ...
Registered in 0.005164 seconds.
Begin MonoManager ReloadAssembly
Native extension for WindowsStandalone target not found
Native extension for WebGL target not found
Refreshing native plugins compatible for Editor in 0.39 ms, found 2 plugins.
Preloading 0 native plugins for Editor in 0.00 ms.
Mono: successfully reloaded assembly
- Completed reload, in  1.798 seconds
Domain Reload Profiling:
	ReloadAssembly (1799ms)
		BeginReloadAssembly (190ms)
			ExecutionOrderSort (0ms)
			DisableScriptedObjects (7ms)
			BackupInstance (0ms)
			ReleaseScriptingObjects (0ms)
			CreateAndSetChildDomain (24ms)
		EndReloadAssembly (1528ms)
			LoadAssemblies (111ms)
			RebuildTransferFunctionScriptingTraits (0ms)
			SetupTypeCache (351ms)
			ReleaseScriptCaches (1ms)
			RebuildScriptCaches (57ms)
			SetupLoadedEditorAssemblies (873ms)
				LogAssemblyErrors (0ms)
				InitializePlatformSupportModulesInManaged (9ms)
				SetLoadedEditorAssemblies (1ms)
				RefreshPlugins (0ms)
				BeforeProcessingInitializeOnLoad (130ms)
				ProcessInitializeOnLoadAttributes (718ms)
				ProcessInitializeOnLoadMethodAttributes (5ms)
				AfterProcessingInitializeOnLoad (10ms)
				EditorAssembliesLoaded (0ms)
			ExecutionOrderSort2 (0ms)
			AwakeInstancesAfterBackupRestoration (10ms)
Platform modules already initialized, skipping
========================================================================
Worker process is ready to serve import requests
Launched and connected shader compiler UnityShaderCompiler.exe after 0.08 seconds
Refreshing native plugins compatible for Editor in 0.50 ms, found 2 plugins.
Preloading 0 native plugins for Editor in 0.00 ms.
Unloading 1398 Unused Serialized files (Serialized files now loaded: 0)
System memory in use before: 65.1 MB.
System memory in use after: 65.1 MB.

Unloading 18 unused Assets to reduce memory usage. Loaded Objects now: 1831.
Total: 4.147400 ms (FindLiveObjects: 0.153700 ms CreateObjectMapping: 0.057000 ms MarkObjects: 3.850000 ms  DeleteObjects: 0.085000 ms)

AssetImportParameters requested are different than current active one (requested -> active):
  custom:framework-win-MediaFoundation: 216162199b28c13a410421893ffa2e32 -> 
  custom:video-decoder-ogg-theora: a1e56fd34408186e4bbccfd4996cb3dc -> 
  custom:container-muxer-webm: aa71ff27fc2769a1b78a27578f13a17b -> 
  custom:container-demuxer-webm: 4f35f7cbe854078d1ac9338744f61a02 -> 
  custom:container-demuxer-ogg: 62fdf1f143b41e24485cea50d1cbac27 -> 
  custom:video-encoder-webm-vp8: eb34c28f22e8b96e1ab97ce403110664 -> 
  custom:video-decoder-webm-vp8: 9c59270c3fd7afecdb556c50c9e8de78 -> 
  custom:audio-decoder-ogg-vorbis: bf7c407c2cedff20999df2af8eb42d56 -> 
  custom:audio-encoder-webm-vorbis: bf7c407c2cedff20999df2af8eb42d56 -> 
========================================================================
Received Import Request.
  path: Assets/Textures/TexturesCom_Overlay_Abstract.sbsar
  artifactKey: Guid(aa07996c682c97a44af8ae7f69a1cd28) Importer(815301076,1909f56bfc062723c751e8b465ee728b)
Start importing Assets/Textures/TexturesCom_Overlay_Abstract.sbsar using Guid(aa07996c682c97a44af8ae7f69a1cd28) Importer(815301076,1909f56bfc062723c751e8b465ee728b)  -> (artifact id: '32e770651a7d08f006ba8381469e6929') in 0.046331 seconds 
  Import took 0.049045 seconds .

========================================================================
Received Import Request.
  Time since last request: 223.887209 seconds.
  path: Assets/Textures/Getting the Most Out of Noise in UE4.jpg
  artifactKey: Guid(932834308ad389a4783a85af382edd78) Importer(815301076,1909f56bfc062723c751e8b465ee728b)
Start importing Assets/Textures/Getting the Most Out of Noise in UE4.jpg using Guid(932834308ad389a4783a85af382edd78) Importer(815301076,1909f56bfc062723c751e8b465ee728b)  -> (artifact id: 'a7def6f87bab405965bff555a090b852') in 0.061973 seconds 
  Import took 0.065741 seconds .

========================================================================
Received Import Request.
  Time since last request: 4.258325 seconds.
  path: Assets/Textures/Getting the Most Out of Noise in UE4.jpg
  artifactKey: Guid(932834308ad389a4783a85af382edd78) Importer(815301076,1909f56bfc062723c751e8b465ee728b)
Start importing Assets/Textures/Getting the Most Out of Noise in UE4.jpg using Guid(932834308ad389a4783a85af382edd78) Importer(815301076,1909f56bfc062723c751e8b465ee728b)  -> (artifact id: '6e3f4ee1db9079827e3a91f60661d08e') in 0.018638 seconds 
  Import took 0.021789 seconds .

========================================================================
Received Import Request.
  Time since last request: 0.011360 seconds.
  path: Assets/Textures/Getting the Most Out of Noise in UE4.jpg
  artifactKey: Guid(932834308ad389a4783a85af382edd78) Importer(815301076,1909f56bfc062723c751e8b465ee728b)
Start importing Assets/Textures/Getting the Most Out of Noise in UE4.jpg using Guid(932834308ad389a4783a85af382edd78) Importer(815301076,1909f56bfc062723c751e8b465ee728b)  -> (artifact id: '6e3f4ee1db9079827e3a91f60661d08e') in 0.019927 seconds 
  Import took 0.023965 seconds .

========================================================================
Received Import Request.
  Time since last request: 1093.537569 seconds.
  path: Assets/Textures/try1.png
  artifactKey: Guid(ff0620294d1a1154c951fae512e51a95) Importer(815301076,1909f56bfc062723c751e8b465ee728b)
Start importing Assets/Textures/try1.png using Guid(ff0620294d1a1154c951fae512e51a95) Importer(815301076,1909f56bfc062723c751e8b465ee728b)  -> (artifact id: '5a814742c73833c89373fa74254ec024') in 0.022640 seconds 
  Import took 0.025722 seconds .

========================================================================
Received Import Request.
  Time since last request: 7.086810 seconds.
  path: Assets/Textures/try1.png
  artifactKey: Guid(ff0620294d1a1154c951fae512e51a95) Importer(815301076,1909f56bfc062723c751e8b465ee728b)
Start importing Assets/Textures/try1.png using Guid(ff0620294d1a1154c951fae512e51a95) Importer(815301076,1909f56bfc062723c751e8b465ee728b)  -> (artifact id: '5b792b6a1b3c5706c3453f7af56d8526') in 0.019371 seconds 
  Import took 0.023552 seconds .

========================================================================
Received Prepare
Registering precompiled user dll's ...
Registered in 0.006652 seconds.
Begin MonoManager ReloadAssembly
Native extension for WindowsStandalone target not found
Native extension for WebGL target not found
Refreshing native plugins compatible for Editor in 0.40 ms, found 2 plugins.
Preloading 0 native plugins for Editor in 0.00 ms.
Mono: successfully reloaded assembly
- Completed reload, in  1.969 seconds
Domain Reload Profiling:
	ReloadAssembly (1969ms)
		BeginReloadAssembly (171ms)
			ExecutionOrderSort (0ms)
			DisableScriptedObjects (11ms)
			BackupInstance (0ms)
			ReleaseScriptingObjects (0ms)
			CreateAndSetChildDomain (47ms)
		EndReloadAssembly (1693ms)
			LoadAssemblies (129ms)
			RebuildTransferFunctionScriptingTraits (0ms)
			SetupTypeCache (421ms)
			ReleaseScriptCaches (1ms)
			RebuildScriptCaches (61ms)
			SetupLoadedEditorAssemblies (916ms)
				LogAssemblyErrors (0ms)
				InitializePlatformSupportModulesInManaged (10ms)
				SetLoadedEditorAssemblies (1ms)
				RefreshPlugins (1ms)
				BeforeProcessingInitializeOnLoad (131ms)
				ProcessInitializeOnLoadAttributes (756ms)
				ProcessInitializeOnLoadMethodAttributes (6ms)
				AfterProcessingInitializeOnLoad (11ms)
				EditorAssembliesLoaded (0ms)
			ExecutionOrderSort2 (0ms)
			AwakeInstancesAfterBackupRestoration (29ms)
Platform modules already initialized, skipping
Refreshing native plugins compatible for Editor in 0.40 ms, found 2 plugins.
Preloading 0 native plugins for Editor in 0.00 ms.
Unloading 1391 Unused Serialized files (Serialized files now loaded: 0)
System memory in use before: 64.8 MB.
System memory in use after: 64.9 MB.

Unloading 13 unused Assets to reduce memory usage. Loaded Objects now: 1835.
Total: 5.176700 ms (FindLiveObjects: 0.157700 ms CreateObjectMapping: 0.057800 ms MarkObjects: 4.938400 ms  DeleteObjects: 0.020700 ms)

AssetImportParameters requested are different than current active one (requested -> active):
  custom:framework-win-MediaFoundation: 216162199b28c13a410421893ffa2e32 -> 
  custom:video-decoder-ogg-theora: a1e56fd34408186e4bbccfd4996cb3dc -> 
  custom:container-muxer-webm: aa71ff27fc2769a1b78a27578f13a17b -> 
  custom:container-demuxer-webm: 4f35f7cbe854078d1ac9338744f61a02 -> 
  custom:container-demuxer-ogg: 62fdf1f143b41e24485cea50d1cbac27 -> 
  custom:video-encoder-webm-vp8: eb34c28f22e8b96e1ab97ce403110664 -> 
  custom:video-decoder-webm-vp8: 9c59270c3fd7afecdb556c50c9e8de78 -> 
  custom:audio-decoder-ogg-vorbis: bf7c407c2cedff20999df2af8eb42d56 -> 
  custom:audio-encoder-webm-vorbis: bf7c407c2cedff20999df2af8eb42d56 -> 
========================================================================
Received Import Request.
  Time since last request: 308.046616 seconds.
  path: Assets/Shaders/WaterShader.shader
  artifactKey: Guid(f01819d4f530a6e4fa0dce3c59b2f5de) Importer(815301076,1909f56bfc062723c751e8b465ee728b)
Start importing Assets/Shaders/WaterShader.shader using Guid(f01819d4f530a6e4fa0dce3c59b2f5de) Importer(815301076,1909f56bfc062723c751e8b465ee728b)  -> (artifact id: 'a40e15aec5ca43a677073e8717463ec6') in 0.024490 seconds 
  Import took 0.027324 seconds .

========================================================================
Received Import Request.
  Time since last request: 0.137554 seconds.
  path: Assets/Shaders/WaterShader.shader
  artifactKey: Guid(f01819d4f530a6e4fa0dce3c59b2f5de) Importer(815301076,1909f56bfc062723c751e8b465ee728b)
Start importing Assets/Shaders/WaterShader.shader using Guid(f01819d4f530a6e4fa0dce3c59b2f5de) Importer(815301076,1909f56bfc062723c751e8b465ee728b)  -> (artifact id: 'a40e15aec5ca43a677073e8717463ec6') in 0.006311 seconds 
  Import took 0.014128 seconds .

========================================================================
Received Import Request.
  Time since last request: 247.374267 seconds.
  path: Assets/Mesh/Lake.fbx
  artifactKey: Guid(c5a9e287ed23c3c4882bc86c7df6ebf5) Importer(815301076,1909f56bfc062723c751e8b465ee728b)
Start importing Assets/Mesh/Lake.fbx using Guid(c5a9e287ed23c3c4882bc86c7df6ebf5) Importer(815301076,1909f56bfc062723c751e8b465ee728b)  -> (artifact id: '268fc0a027aff215c0071f8a47deba07') in 0.225855 seconds 
  Import took 0.230835 seconds .

========================================================================
Received Import Request.
  Time since last request: 0.003928 seconds.
  path: Assets/Mesh/Lake.fbx
  artifactKey: Guid(c5a9e287ed23c3c4882bc86c7df6ebf5) Importer(815301076,1909f56bfc062723c751e8b465ee728b)
Start importing Assets/Mesh/Lake.fbx using Guid(c5a9e287ed23c3c4882bc86c7df6ebf5) Importer(815301076,1909f56bfc062723c751e8b465ee728b)  -> (artifact id: '268fc0a027aff215c0071f8a47deba07') in 0.074362 seconds 
  Import took 0.078326 seconds .

========================================================================
Received Prepare
Registering precompiled user dll's ...
Registered in 1.333525 seconds.
Begin MonoManager ReloadAssembly
Native extension for WindowsStandalone target not found
Native extension for WebGL target not found
Refreshing native plugins compatible for Editor in 0.46 ms, found 2 plugins.
Preloading 0 native plugins for Editor in 0.00 ms.
Mono: successfully reloaded assembly
- Completed reload, in  9.662 seconds
Domain Reload Profiling:
	ReloadAssembly (9663ms)
		BeginReloadAssembly (4201ms)
			ExecutionOrderSort (0ms)
			DisableScriptedObjects (8ms)
			BackupInstance (0ms)
			ReleaseScriptingObjects (1ms)
			CreateAndSetChildDomain (84ms)
		EndReloadAssembly (5353ms)
			LoadAssemblies (6485ms)
			RebuildTransferFunctionScriptingTraits (0ms)
			SetupTypeCache (1618ms)
			ReleaseScriptCaches (1ms)
			RebuildScriptCaches (61ms)
			SetupLoadedEditorAssemblies (1036ms)
				LogAssemblyErrors (0ms)
				InitializePlatformSupportModulesInManaged (8ms)
				SetLoadedEditorAssemblies (1ms)
				RefreshPlugins (1ms)
				BeforeProcessingInitializeOnLoad (141ms)
				ProcessInitializeOnLoadAttributes (871ms)
				ProcessInitializeOnLoadMethodAttributes (4ms)
				AfterProcessingInitializeOnLoad (9ms)
				EditorAssembliesLoaded (0ms)
			ExecutionOrderSort2 (0ms)
			AwakeInstancesAfterBackupRestoration (10ms)
Platform modules already initialized, skipping
Refreshing native plugins compatible for Editor in 0.43 ms, found 2 plugins.
Preloading 0 native plugins for Editor in 0.00 ms.
Unloading 1391 Unused Serialized files (Serialized files now loaded: 0)
System memory in use before: 68.3 MB.
System memory in use after: 68.4 MB.

Unloading 14 unused Assets to reduce memory usage. Loaded Objects now: 1879.
Total: 4.835600 ms (FindLiveObjects: 0.186300 ms CreateObjectMapping: 0.088000 ms MarkObjects: 4.524000 ms  DeleteObjects: 0.034900 ms)

AssetImportParameters requested are different than current active one (requested -> active):
  custom:framework-win-MediaFoundation: 216162199b28c13a410421893ffa2e32 -> 
  custom:video-decoder-ogg-theora: a1e56fd34408186e4bbccfd4996cb3dc -> 
  custom:container-muxer-webm: aa71ff27fc2769a1b78a27578f13a17b -> 
  custom:container-demuxer-webm: 4f35f7cbe854078d1ac9338744f61a02 -> 
  custom:container-demuxer-ogg: 62fdf1f143b41e24485cea50d1cbac27 -> 
  custom:video-encoder-webm-vp8: eb34c28f22e8b96e1ab97ce403110664 -> 
  custom:video-decoder-webm-vp8: 9c59270c3fd7afecdb556c50c9e8de78 -> 
  custom:audio-decoder-ogg-vorbis: bf7c407c2cedff20999df2af8eb42d56 -> 
  custom:audio-encoder-webm-vorbis: bf7c407c2cedff20999df2af8eb42d56 -> 
========================================================================
Received Import Request.
  Time since last request: 70243.656700 seconds.
  path: Assets/Textures/try2.png
  artifactKey: Guid(f6a77d4fce4601a4c8c62006c63818cc) Importer(815301076,1909f56bfc062723c751e8b465ee728b)
Start importing Assets/Textures/try2.png using Guid(f6a77d4fce4601a4c8c62006c63818cc) Importer(815301076,1909f56bfc062723c751e8b465ee728b)  -> (artifact id: '1bd9d70978cce5c5581066b93a8464ae') in 0.066998 seconds 
  Import took 0.070393 seconds .

========================================================================
Received Import Request.
  Time since last request: 0.003623 seconds.
  path: Assets/Textures/try2.png
  artifactKey: Guid(f6a77d4fce4601a4c8c62006c63818cc) Importer(815301076,1909f56bfc062723c751e8b465ee728b)
Start importing Assets/Textures/try2.png using Guid(f6a77d4fce4601a4c8c62006c63818cc) Importer(815301076,1909f56bfc062723c751e8b465ee728b)  -> (artifact id: '1bd9d70978cce5c5581066b93a8464ae') in 0.020307 seconds 
  Import took 0.023905 seconds .

========================================================================
Received Import Request.
  Time since last request: 152.537967 seconds.
  path: Assets/Textures/try3.png
  artifactKey: Guid(8b36aeaf4c1831c49860a8c14f08efc6) Importer(815301076,1909f56bfc062723c751e8b465ee728b)
Start importing Assets/Textures/try3.png using Guid(8b36aeaf4c1831c49860a8c14f08efc6) Importer(815301076,1909f56bfc062723c751e8b465ee728b)  -> (artifact id: '38283cf0afff134e2a203a1334d0ee34') in 0.017422 seconds 
  Import took 0.021987 seconds .

========================================================================
Received Import Request.
  Time since last request: 7.678246 seconds.
  path: Assets/Textures/try3.png
  artifactKey: Guid(8b36aeaf4c1831c49860a8c14f08efc6) Importer(815301076,1909f56bfc062723c751e8b465ee728b)
Start importing Assets/Textures/try3.png using Guid(8b36aeaf4c1831c49860a8c14f08efc6) Importer(815301076,1909f56bfc062723c751e8b465ee728b)  -> (artifact id: '292cd56bfa80e17f00d65b09546994a0') in 0.014394 seconds 
  Import took 0.017257 seconds .

========================================================================
Received Import Request.
  Time since last request: 0.011551 seconds.
  path: Assets/Textures/try3.png
  artifactKey: Guid(8b36aeaf4c1831c49860a8c14f08efc6) Importer(815301076,1909f56bfc062723c751e8b465ee728b)
Start importing Assets/Textures/try3.png using Guid(8b36aeaf4c1831c49860a8c14f08efc6) Importer(815301076,1909f56bfc062723c751e8b465ee728b)  -> (artifact id: '292cd56bfa80e17f00d65b09546994a0') in 0.017860 seconds 
  Import took 0.021228 seconds .

========================================================================
Received Import Request.
  Time since last request: 225.506746 seconds.
  path: Assets/Textures/try4.png
  artifactKey: Guid(774579941e940ea4d9d83cbddec42d59) Importer(815301076,1909f56bfc062723c751e8b465ee728b)
Start importing Assets/Textures/try4.png using Guid(774579941e940ea4d9d83cbddec42d59) Importer(815301076,1909f56bfc062723c751e8b465ee728b)  -> (artifact id: 'f9960b4df62fac68c7b5327b89e3d888') in 0.027560 seconds 
  Import took 0.031142 seconds .

========================================================================
Received Import Request.
  Time since last request: 4.376548 seconds.
  path: Assets/Textures/try4.png
  artifactKey: Guid(774579941e940ea4d9d83cbddec42d59) Importer(815301076,1909f56bfc062723c751e8b465ee728b)
Start importing Assets/Textures/try4.png using Guid(774579941e940ea4d9d83cbddec42d59) Importer(815301076,1909f56bfc062723c751e8b465ee728b)  -> (artifact id: '9a303582c5e93fe6b870bdf6f09b7271') in 0.018246 seconds 
  Import took 0.021387 seconds .

========================================================================
Received Import Request.
  Time since last request: 0.002696 seconds.
  path: Assets/Textures/try4.png
  artifactKey: Guid(774579941e940ea4d9d83cbddec42d59) Importer(815301076,1909f56bfc062723c751e8b465ee728b)
Start importing Assets/Textures/try4.png using Guid(774579941e940ea4d9d83cbddec42d59) Importer(815301076,1909f56bfc062723c751e8b465ee728b)  -> (artifact id: '9a303582c5e93fe6b870bdf6f09b7271') in 0.018479 seconds 
  Import took 0.021713 seconds .

========================================================================
Received Import Request.
  Time since last request: 381.577350 seconds.
  path: Assets/Textures/try5.png
  artifactKey: Guid(27cbf73107dfb5b498c17867fec6033e) Importer(815301076,1909f56bfc062723c751e8b465ee728b)
Start importing Assets/Textures/try5.png using Guid(27cbf73107dfb5b498c17867fec6033e) Importer(815301076,1909f56bfc062723c751e8b465ee728b)  -> (artifact id: '5b508db48d6faf4332b1c7665660dfb1') in 0.018309 seconds 
  Import took 0.023242 seconds .

========================================================================
Received Import Request.
  Time since last request: 6.320334 seconds.
  path: Assets/Textures/try5.png
  artifactKey: Guid(27cbf73107dfb5b498c17867fec6033e) Importer(815301076,1909f56bfc062723c751e8b465ee728b)
Start importing Assets/Textures/try5.png using Guid(27cbf73107dfb5b498c17867fec6033e) Importer(815301076,1909f56bfc062723c751e8b465ee728b)  -> (artifact id: '4bb7e38b0610abd62199f773d9f3d9f9') in 0.018855 seconds 
  Import took 0.021769 seconds .

========================================================================
Received Import Request.
  Time since last request: 0.002237 seconds.
  path: Assets/Textures/try5.png
  artifactKey: Guid(27cbf73107dfb5b498c17867fec6033e) Importer(815301076,1909f56bfc062723c751e8b465ee728b)
Start importing Assets/Textures/try5.png using Guid(27cbf73107dfb5b498c17867fec6033e) Importer(815301076,1909f56bfc062723c751e8b465ee728b)  -> (artifact id: '4bb7e38b0610abd62199f773d9f3d9f9') in 0.018156 seconds 
  Import took 0.021486 seconds .

========================================================================
Received Import Request.
  Time since last request: 482.616769 seconds.
  path: Assets/Textures/try6.png
  artifactKey: Guid(03184a22bffcd3f44ade208dd34785e3) Importer(815301076,1909f56bfc062723c751e8b465ee728b)
Start importing Assets/Textures/try6.png using Guid(03184a22bffcd3f44ade208dd34785e3) Importer(815301076,1909f56bfc062723c751e8b465ee728b)  -> (artifact id: '3c1dd74fea885722f6e72c11a0683773') in 0.034032 seconds 
  Import took 0.038853 seconds .

========================================================================
Received Import Request.
  Time since last request: 5.255268 seconds.
  path: Assets/Textures/try6.png
  artifactKey: Guid(03184a22bffcd3f44ade208dd34785e3) Importer(815301076,1909f56bfc062723c751e8b465ee728b)
Start importing Assets/Textures/try6.png using Guid(03184a22bffcd3f44ade208dd34785e3) Importer(815301076,1909f56bfc062723c751e8b465ee728b)  -> (artifact id: 'f865d1b900dd540baedc4423ff57491f') in 0.018304 seconds 
  Import took 0.021314 seconds .

========================================================================
Received Import Request.
  Time since last request: 0.004964 seconds.
  path: Assets/Textures/try6.png
  artifactKey: Guid(03184a22bffcd3f44ade208dd34785e3) Importer(815301076,1909f56bfc062723c751e8b465ee728b)
Start importing Assets/Textures/try6.png using Guid(03184a22bffcd3f44ade208dd34785e3) Importer(815301076,1909f56bfc062723c751e8b465ee728b)  -> (artifact id: 'f865d1b900dd540baedc4423ff57491f') in 0.019620 seconds 
  Import took 0.023015 seconds .

========================================================================
Received Prepare
Registering precompiled user dll's ...
Registered in 0.006523 seconds.
Begin MonoManager ReloadAssembly
Native extension for WindowsStandalone target not found
Native extension for WebGL target not found
Refreshing native plugins compatible for Editor in 0.41 ms, found 2 plugins.
Preloading 0 native plugins for Editor in 0.00 ms.
Mono: successfully reloaded assembly
- Completed reload, in  2.013 seconds
Domain Reload Profiling:
	ReloadAssembly (2013ms)
		BeginReloadAssembly (206ms)
			ExecutionOrderSort (0ms)
			DisableScriptedObjects (10ms)
			BackupInstance (0ms)
			ReleaseScriptingObjects (0ms)
			CreateAndSetChildDomain (76ms)
		EndReloadAssembly (1703ms)
			LoadAssemblies (144ms)
			RebuildTransferFunctionScriptingTraits (0ms)
			SetupTypeCache (424ms)
			ReleaseScriptCaches (1ms)
			RebuildScriptCaches (65ms)
			SetupLoadedEditorAssemblies (906ms)
				LogAssemblyErrors (0ms)
				InitializePlatformSupportModulesInManaged (10ms)
				SetLoadedEditorAssemblies (1ms)
				RefreshPlugins (1ms)
				BeforeProcessingInitializeOnLoad (141ms)
				ProcessInitializeOnLoadAttributes (736ms)
				ProcessInitializeOnLoadMethodAttributes (6ms)
				AfterProcessingInitializeOnLoad (12ms)
				EditorAssembliesLoaded (0ms)
			ExecutionOrderSort2 (0ms)
			AwakeInstancesAfterBackupRestoration (12ms)
Platform modules already initialized, skipping
Refreshing native plugins compatible for Editor in 0.70 ms, found 2 plugins.
Preloading 0 native plugins for Editor in 0.00 ms.
Unloading 1391 Unused Serialized files (Serialized files now loaded: 0)
System memory in use before: 68.3 MB.
System memory in use after: 68.4 MB.

Unloading 13 unused Assets to reduce memory usage. Loaded Objects now: 1881.
Total: 4.980900 ms (FindLiveObjects: 0.191800 ms CreateObjectMapping: 0.084700 ms MarkObjects: 4.674000 ms  DeleteObjects: 0.028400 ms)

AssetImportParameters requested are different than current active one (requested -> active):
  custom:framework-win-MediaFoundation: 216162199b28c13a410421893ffa2e32 -> 
  custom:video-decoder-ogg-theora: a1e56fd34408186e4bbccfd4996cb3dc -> 
  custom:container-muxer-webm: aa71ff27fc2769a1b78a27578f13a17b -> 
  custom:container-demuxer-webm: 4f35f7cbe854078d1ac9338744f61a02 -> 
  custom:container-demuxer-ogg: 62fdf1f143b41e24485cea50d1cbac27 -> 
  custom:video-encoder-webm-vp8: eb34c28f22e8b96e1ab97ce403110664 -> 
  custom:video-decoder-webm-vp8: 9c59270c3fd7afecdb556c50c9e8de78 -> 
  custom:audio-decoder-ogg-vorbis: bf7c407c2cedff20999df2af8eb42d56 -> 
  custom:audio-encoder-webm-vorbis: bf7c407c2cedff20999df2af8eb42d56 -> 
========================================================================
Received Import Request.
  Time since last request: 3045.976366 seconds.
  path: Assets/Textures/wetground.PNG
  artifactKey: Guid(bdb9aa778d844d44c8d8cf41838c3788) Importer(815301076,1909f56bfc062723c751e8b465ee728b)
Start importing Assets/Textures/wetground.PNG using Guid(bdb9aa778d844d44c8d8cf41838c3788) Importer(815301076,1909f56bfc062723c751e8b465ee728b)  -> (artifact id: '08437a39d9481490a7ee2816a9536959') in 0.061532 seconds 
  Import took 0.065917 seconds .

========================================================================
Received Import Request.
  Time since last request: 7.274840 seconds.
  path: Assets/Materials/Water.mat
  artifactKey: Guid(fcf9bb5a4d1529b4f97b46f0e1f39af0) Importer(815301076,1909f56bfc062723c751e8b465ee728b)
Start importing Assets/Materials/Water.mat using Guid(fcf9bb5a4d1529b4f97b46f0e1f39af0) Importer(815301076,1909f56bfc062723c751e8b465ee728b)  -> (artifact id: '0a31666b9b01ca782f0f61ccdcb9de71') in 0.054568 seconds 
  Import took 0.057701 seconds .

========================================================================
Received Import Request.
  Time since last request: 6.903937 seconds.
  path: Assets/Materials/WetGround.mat
  artifactKey: Guid(744338f28ff34c6459f465347a3830e4) Importer(815301076,1909f56bfc062723c751e8b465ee728b)
Start importing Assets/Materials/WetGround.mat using Guid(744338f28ff34c6459f465347a3830e4) Importer(815301076,1909f56bfc062723c751e8b465ee728b)  -> (artifact id: '81ac5530afc154d4dcf512d7ba3c6700') in 0.021657 seconds 
  Import took 0.024436 seconds .

========================================================================
Received Prepare
Registering precompiled user dll's ...
Registered in 0.009260 seconds.
Begin MonoManager ReloadAssembly
Native extension for WindowsStandalone target not found
Native extension for WebGL target not found
Refreshing native plugins compatible for Editor in 0.57 ms, found 2 plugins.
Preloading 0 native plugins for Editor in 0.00 ms.
Mono: successfully reloaded assembly
- Completed reload, in  1.966 seconds
Domain Reload Profiling:
	ReloadAssembly (1967ms)
		BeginReloadAssembly (178ms)
			ExecutionOrderSort (0ms)
			DisableScriptedObjects (8ms)
			BackupInstance (0ms)
			ReleaseScriptingObjects (0ms)
			CreateAndSetChildDomain (52ms)
		EndReloadAssembly (1688ms)
			LoadAssemblies (137ms)
			RebuildTransferFunctionScriptingTraits (0ms)
			SetupTypeCache (418ms)
			ReleaseScriptCaches (1ms)
			RebuildScriptCaches (62ms)
			SetupLoadedEditorAssemblies (913ms)
				LogAssemblyErrors (0ms)
				InitializePlatformSupportModulesInManaged (11ms)
				SetLoadedEditorAssemblies (1ms)
				RefreshPlugins (1ms)
				BeforeProcessingInitializeOnLoad (140ms)
				ProcessInitializeOnLoadAttributes (744ms)
				ProcessInitializeOnLoadMethodAttributes (5ms)
				AfterProcessingInitializeOnLoad (12ms)
				EditorAssembliesLoaded (0ms)
			ExecutionOrderSort2 (0ms)
			AwakeInstancesAfterBackupRestoration (11ms)
Platform modules already initialized, skipping
Refreshing native plugins compatible for Editor in 0.50 ms, found 2 plugins.
Preloading 0 native plugins for Editor in 0.00 ms.
Unloading 1391 Unused Serialized files (Serialized files now loaded: 0)
System memory in use before: 68.4 MB.
System memory in use after: 68.5 MB.

Unloading 13 unused Assets to reduce memory usage. Loaded Objects now: 1884.
Total: 4.927100 ms (FindLiveObjects: 0.258400 ms CreateObjectMapping: 0.145700 ms MarkObjects: 4.497000 ms  DeleteObjects: 0.023900 ms)

AssetImportParameters requested are different than current active one (requested -> active):
  custom:framework-win-MediaFoundation: 216162199b28c13a410421893ffa2e32 -> 
  custom:video-decoder-ogg-theora: a1e56fd34408186e4bbccfd4996cb3dc -> 
  custom:container-muxer-webm: aa71ff27fc2769a1b78a27578f13a17b -> 
  custom:container-demuxer-webm: 4f35f7cbe854078d1ac9338744f61a02 -> 
  custom:container-demuxer-ogg: 62fdf1f143b41e24485cea50d1cbac27 -> 
  custom:video-encoder-webm-vp8: eb34c28f22e8b96e1ab97ce403110664 -> 
  custom:video-decoder-webm-vp8: 9c59270c3fd7afecdb556c50c9e8de78 -> 
  custom:audio-decoder-ogg-vorbis: bf7c407c2cedff20999df2af8eb42d56 -> 
  custom:audio-encoder-webm-vorbis: bf7c407c2cedff20999df2af8eb42d56 -> 
========================================================================
Received Import Request.
  Time since last request: 1479.598806 seconds.
  path: Assets/Textures/wetground2.PNG
  artifactKey: Guid(df0c45ce753c59c4bad9e12792865c35) Importer(815301076,1909f56bfc062723c751e8b465ee728b)
Start importing Assets/Textures/wetground2.PNG using Guid(df0c45ce753c59c4bad9e12792865c35) Importer(815301076,1909f56bfc062723c751e8b465ee728b)  -> (artifact id: '84ed0a079c494e087d9d56cceaee3e7f') in 0.060116 seconds 
  Import took 0.065501 seconds .

========================================================================
Received Import Request.
  Time since last request: 2.559710 seconds.
  path: Assets/Mesh/Lake2.fbx
  artifactKey: Guid(8a408bee7d8076f4b9fac46526415295) Importer(815301076,1909f56bfc062723c751e8b465ee728b)
Start importing Assets/Mesh/Lake2.fbx using Guid(8a408bee7d8076f4b9fac46526415295) Importer(815301076,1909f56bfc062723c751e8b465ee728b)  -> (artifact id: 'c94e2be1285a88f836e99d2c9196c0a3') in 0.126371 seconds 
  Import took 0.129898 seconds .

========================================================================
Received Import Request.
  Time since last request: 12.258834 seconds.
  path: Assets/Materials/Grass.mat
  artifactKey: Guid(0ef58b8c1da66464999585086a04b768) Importer(815301076,1909f56bfc062723c751e8b465ee728b)
Start importing Assets/Materials/Grass.mat using Guid(0ef58b8c1da66464999585086a04b768) Importer(815301076,1909f56bfc062723c751e8b465ee728b)  -> (artifact id: '0c249dae3e9886b420ad81e03f78cf15') in 0.019556 seconds 
  Import took 0.022584 seconds .

========================================================================
Received Import Request.
  Time since last request: 0.000261 seconds.
  path: Assets/Materials/WetGround.mat
  artifactKey: Guid(744338f28ff34c6459f465347a3830e4) Importer(815301076,1909f56bfc062723c751e8b465ee728b)
Start importing Assets/Materials/WetGround.mat using Guid(744338f28ff34c6459f465347a3830e4) Importer(815301076,1909f56bfc062723c751e8b465ee728b)  -> (artifact id: '948a8bd3e3e1a2f58431a26c235924fb') in 0.016579 seconds 
  Import took 0.021980 seconds .

========================================================================
Received Import Request.
  Time since last request: 0.000048 seconds.
  path: Assets/Materials/Water.mat
  artifactKey: Guid(fcf9bb5a4d1529b4f97b46f0e1f39af0) Importer(815301076,1909f56bfc062723c751e8b465ee728b)
Start importing Assets/Materials/Water.mat using Guid(fcf9bb5a4d1529b4f97b46f0e1f39af0) Importer(815301076,1909f56bfc062723c751e8b465ee728b)  -> (artifact id: '163ff1ac0eeb9fa12bf0596bed9a4a1b') in 0.017285 seconds 
  Import took 0.020887 seconds .

========================================================================
Received Import Request.
  Time since last request: 48.410962 seconds.
  path: Assets/Materials/WetGround 1.mat
  artifactKey: Guid(6dfcc85c64ebca0459bb28ab36884224) Importer(815301076,1909f56bfc062723c751e8b465ee728b)
Start importing Assets/Materials/WetGround 1.mat using Guid(6dfcc85c64ebca0459bb28ab36884224) Importer(815301076,1909f56bfc062723c751e8b465ee728b)  -> (artifact id: '1000d645eedb59eb15c5791d8570b2d6') in 0.019669 seconds 
  Import took 0.022871 seconds .

========================================================================
Received Prepare
Registering precompiled user dll's ...
Registered in 0.005621 seconds.
Begin MonoManager ReloadAssembly
Native extension for WindowsStandalone target not found
Native extension for WebGL target not found
Refreshing native plugins compatible for Editor in 0.39 ms, found 2 plugins.
Preloading 0 native plugins for Editor in 0.00 ms.
Mono: successfully reloaded assembly
- Completed reload, in  1.526 seconds
Domain Reload Profiling:
	ReloadAssembly (1526ms)
		BeginReloadAssembly (136ms)
			ExecutionOrderSort (0ms)
			DisableScriptedObjects (5ms)
			BackupInstance (0ms)
			ReleaseScriptingObjects (0ms)
			CreateAndSetChildDomain (38ms)
		EndReloadAssembly (1310ms)
			LoadAssemblies (109ms)
			RebuildTransferFunctionScriptingTraits (0ms)
			SetupTypeCache (336ms)
			ReleaseScriptCaches (1ms)
			RebuildScriptCaches (52ms)
			SetupLoadedEditorAssemblies (687ms)
				LogAssemblyErrors (0ms)
				InitializePlatformSupportModulesInManaged (8ms)
				SetLoadedEditorAssemblies (1ms)
				RefreshPlugins (0ms)
				BeforeProcessingInitializeOnLoad (111ms)
				ProcessInitializeOnLoadAttributes (555ms)
				ProcessInitializeOnLoadMethodAttributes (4ms)
				AfterProcessingInitializeOnLoad (9ms)
				EditorAssembliesLoaded (0ms)
			ExecutionOrderSort2 (0ms)
			AwakeInstancesAfterBackupRestoration (9ms)
Platform modules already initialized, skipping
Refreshing native plugins compatible for Editor in 0.39 ms, found 2 plugins.
Preloading 0 native plugins for Editor in 0.00 ms.
Unloading 1391 Unused Serialized files (Serialized files now loaded: 0)
System memory in use before: 68.4 MB.
System memory in use after: 68.5 MB.

Unloading 14 unused Assets to reduce memory usage. Loaded Objects now: 1888.
Total: 4.275300 ms (FindLiveObjects: 0.171200 ms CreateObjectMapping: 0.058700 ms MarkObjects: 4.005600 ms  DeleteObjects: 0.037200 ms)

AssetImportParameters requested are different than current active one (requested -> active):
  custom:framework-win-MediaFoundation: 216162199b28c13a410421893ffa2e32 -> 
  custom:video-decoder-ogg-theora: a1e56fd34408186e4bbccfd4996cb3dc -> 
  custom:container-muxer-webm: aa71ff27fc2769a1b78a27578f13a17b -> 
  custom:container-demuxer-webm: 4f35f7cbe854078d1ac9338744f61a02 -> 
  custom:container-demuxer-ogg: 62fdf1f143b41e24485cea50d1cbac27 -> 
  custom:video-encoder-webm-vp8: eb34c28f22e8b96e1ab97ce403110664 -> 
  custom:video-decoder-webm-vp8: 9c59270c3fd7afecdb556c50c9e8de78 -> 
  custom:audio-decoder-ogg-vorbis: bf7c407c2cedff20999df2af8eb42d56 -> 
  custom:audio-encoder-webm-vorbis: bf7c407c2cedff20999df2af8eb42d56 -> 
========================================================================
Received Import Request.
  Time since last request: 175.148273 seconds.
  path: Assets/Materials/Grass.mat
  artifactKey: Guid(0ef58b8c1da66464999585086a04b768) Importer(815301076,1909f56bfc062723c751e8b465ee728b)
Start importing Assets/Materials/Grass.mat using Guid(0ef58b8c1da66464999585086a04b768) Importer(815301076,1909f56bfc062723c751e8b465ee728b)  -> (artifact id: '7cbb4a3dfcbe18c01a4bb0d094b5a0bd') in 0.066959 seconds 
  Import took 0.069690 seconds .

========================================================================
Received Import Request.
  Time since last request: 0.000273 seconds.
  path: Assets/Materials/WetGround.mat
  artifactKey: Guid(744338f28ff34c6459f465347a3830e4) Importer(815301076,1909f56bfc062723c751e8b465ee728b)
Start importing Assets/Materials/WetGround.mat using Guid(744338f28ff34c6459f465347a3830e4) Importer(815301076,1909f56bfc062723c751e8b465ee728b)  -> (artifact id: '78ac598585927b6b0b4d3e5b4e6ccc56') in 0.012960 seconds 
  Import took 0.016187 seconds .

========================================================================
Received Import Request.
  Time since last request: 0.000218 seconds.
  path: Assets/Materials/WetGround 2.mat
  artifactKey: Guid(efcefa232ffc10944be869102152f6f6) Importer(815301076,1909f56bfc062723c751e8b465ee728b)
Start importing Assets/Materials/WetGround 2.mat using Guid(efcefa232ffc10944be869102152f6f6) Importer(815301076,1909f56bfc062723c751e8b465ee728b)  -> (artifact id: '6b77a96de0fd7def5d15e49fd29232a6') in 0.014233 seconds 
  Import took 0.017076 seconds .

========================================================================
Received Import Request.
  Time since last request: 1.260271 seconds.
  path: Assets/Materials/Grass.mat
  artifactKey: Guid(0ef58b8c1da66464999585086a04b768) Importer(815301076,1909f56bfc062723c751e8b465ee728b)
Start importing Assets/Materials/Grass.mat using Guid(0ef58b8c1da66464999585086a04b768) Importer(815301076,1909f56bfc062723c751e8b465ee728b)  -> (artifact id: '7cbb4a3dfcbe18c01a4bb0d094b5a0bd') in 0.013186 seconds 
  Import took 0.016102 seconds .

========================================================================
Received Prepare
Registering precompiled user dll's ...
Registered in 0.007979 seconds.
Begin MonoManager ReloadAssembly
Native extension for WindowsStandalone target not found
Native extension for WebGL target not found
Refreshing native plugins compatible for Editor in 0.48 ms, found 2 plugins.
Preloading 0 native plugins for Editor in 0.00 ms.
Mono: successfully reloaded assembly
- Completed reload, in  1.804 seconds
Domain Reload Profiling:
	ReloadAssembly (1805ms)
		BeginReloadAssembly (154ms)
			ExecutionOrderSort (0ms)
			DisableScriptedObjects (7ms)
			BackupInstance (0ms)
			ReleaseScriptingObjects (0ms)
			CreateAndSetChildDomain (49ms)
		EndReloadAssembly (1557ms)
			LoadAssemblies (127ms)
			RebuildTransferFunctionScriptingTraits (0ms)
			SetupTypeCache (388ms)
			ReleaseScriptCaches (1ms)
			RebuildScriptCaches (60ms)
			SetupLoadedEditorAssemblies (842ms)
				LogAssemblyErrors (0ms)
				InitializePlatformSupportModulesInManaged (10ms)
				SetLoadedEditorAssemblies (1ms)
				RefreshPlugins (1ms)
				BeforeProcessingInitializeOnLoad (126ms)
				ProcessInitializeOnLoadAttributes (689ms)
				ProcessInitializeOnLoadMethodAttributes (5ms)
				AfterProcessingInitializeOnLoad (11ms)
				EditorAssembliesLoaded (0ms)
			ExecutionOrderSort2 (0ms)
			AwakeInstancesAfterBackupRestoration (11ms)
Platform modules already initialized, skipping
Refreshing native plugins compatible for Editor in 0.40 ms, found 2 plugins.
Preloading 0 native plugins for Editor in 0.00 ms.
Unloading 1391 Unused Serialized files (Serialized files now loaded: 0)
System memory in use before: 68.4 MB.
System memory in use after: 68.5 MB.

Unloading 13 unused Assets to reduce memory usage. Loaded Objects now: 1891.
Total: 4.251900 ms (FindLiveObjects: 0.157600 ms CreateObjectMapping: 0.054900 ms MarkObjects: 4.017900 ms  DeleteObjects: 0.019500 ms)

AssetImportParameters requested are different than current active one (requested -> active):
  custom:framework-win-MediaFoundation: 216162199b28c13a410421893ffa2e32 -> 
  custom:video-decoder-ogg-theora: a1e56fd34408186e4bbccfd4996cb3dc -> 
  custom:container-muxer-webm: aa71ff27fc2769a1b78a27578f13a17b -> 
  custom:container-demuxer-webm: 4f35f7cbe854078d1ac9338744f61a02 -> 
  custom:container-demuxer-ogg: 62fdf1f143b41e24485cea50d1cbac27 -> 
  custom:video-encoder-webm-vp8: eb34c28f22e8b96e1ab97ce403110664 -> 
  custom:video-decoder-webm-vp8: 9c59270c3fd7afecdb556c50c9e8de78 -> 
  custom:audio-decoder-ogg-vorbis: bf7c407c2cedff20999df2af8eb42d56 -> 
  custom:audio-encoder-webm-vorbis: bf7c407c2cedff20999df2af8eb42d56 -> 
========================================================================
Received Prepare
Registering precompiled user dll's ...
Registered in 0.004729 seconds.
Begin MonoManager ReloadAssembly
Native extension for WindowsStandalone target not found
Native extension for WebGL target not found
Refreshing native plugins compatible for Editor in 0.51 ms, found 2 plugins.
Preloading 0 native plugins for Editor in 0.00 ms.
Mono: successfully reloaded assembly
- Completed reload, in  1.613 seconds
Domain Reload Profiling:
	ReloadAssembly (1614ms)
		BeginReloadAssembly (137ms)
			ExecutionOrderSort (0ms)
			DisableScriptedObjects (6ms)
			BackupInstance (0ms)
			ReleaseScriptingObjects (0ms)
			CreateAndSetChildDomain (41ms)
		EndReloadAssembly (1393ms)
			LoadAssemblies (114ms)
			RebuildTransferFunctionScriptingTraits (0ms)
			SetupTypeCache (338ms)
			ReleaseScriptCaches (1ms)
			RebuildScriptCaches (51ms)
			SetupLoadedEditorAssemblies (769ms)
				LogAssemblyErrors (0ms)
				InitializePlatformSupportModulesInManaged (7ms)
				SetLoadedEditorAssemblies (1ms)
				RefreshPlugins (1ms)
				BeforeProcessingInitializeOnLoad (105ms)
				ProcessInitializeOnLoadAttributes (642ms)
				ProcessInitializeOnLoadMethodAttributes (4ms)
				AfterProcessingInitializeOnLoad (9ms)
				EditorAssembliesLoaded (0ms)
			ExecutionOrderSort2 (0ms)
			AwakeInstancesAfterBackupRestoration (9ms)
Platform modules already initialized, skipping
Refreshing native plugins compatible for Editor in 0.40 ms, found 2 plugins.
Preloading 0 native plugins for Editor in 0.00 ms.
Unloading 1391 Unused Serialized files (Serialized files now loaded: 0)
System memory in use before: 68.4 MB.
System memory in use after: 68.6 MB.

Unloading 13 unused Assets to reduce memory usage. Loaded Objects now: 1893.
Total: 3.949100 ms (FindLiveObjects: 0.152500 ms CreateObjectMapping: 0.057700 ms MarkObjects: 3.717900 ms  DeleteObjects: 0.019300 ms)

AssetImportParameters requested are different than current active one (requested -> active):
  custom:framework-win-MediaFoundation: 216162199b28c13a410421893ffa2e32 -> 
  custom:video-decoder-ogg-theora: a1e56fd34408186e4bbccfd4996cb3dc -> 
  custom:container-muxer-webm: aa71ff27fc2769a1b78a27578f13a17b -> 
  custom:container-demuxer-webm: 4f35f7cbe854078d1ac9338744f61a02 -> 
  custom:container-demuxer-ogg: 62fdf1f143b41e24485cea50d1cbac27 -> 
  custom:video-encoder-webm-vp8: eb34c28f22e8b96e1ab97ce403110664 -> 
  custom:video-decoder-webm-vp8: 9c59270c3fd7afecdb556c50c9e8de78 -> 
  custom:audio-decoder-ogg-vorbis: bf7c407c2cedff20999df2af8eb42d56 -> 
  custom:audio-encoder-webm-vorbis: bf7c407c2cedff20999df2af8eb42d56 -> 
========================================================================
Received Import Request.
  Time since last request: 501.388601 seconds.
  path: Assets/Mesh/Lake2.fbx
  artifactKey: Guid(8a408bee7d8076f4b9fac46526415295) Importer(815301076,1909f56bfc062723c751e8b465ee728b)
Start importing Assets/Mesh/Lake2.fbx using Guid(8a408bee7d8076f4b9fac46526415295) Importer(815301076,1909f56bfc062723c751e8b465ee728b)  -> (artifact id: 'b1714c719fc0456e2e126543b2f6d67d') in 0.161615 seconds 
  Import took 0.164791 seconds .

========================================================================
Received Prepare
Registering precompiled user dll's ...
Registered in 0.005441 seconds.
Begin MonoManager ReloadAssembly
Native extension for WindowsStandalone target not found
Native extension for WebGL target not found
Refreshing native plugins compatible for Editor in 0.41 ms, found 2 plugins.
Preloading 0 native plugins for Editor in 0.00 ms.
Mono: successfully reloaded assembly
- Completed reload, in  1.899 seconds
Domain Reload Profiling:
	ReloadAssembly (1901ms)
		BeginReloadAssembly (208ms)
			ExecutionOrderSort (0ms)
			DisableScriptedObjects (8ms)
			BackupInstance (0ms)
			ReleaseScriptingObjects (0ms)
			CreateAndSetChildDomain (74ms)
		EndReloadAssembly (1599ms)
			LoadAssemblies (150ms)
			RebuildTransferFunctionScriptingTraits (0ms)
			SetupTypeCache (411ms)
			ReleaseScriptCaches (1ms)
			RebuildScriptCaches (54ms)
			SetupLoadedEditorAssemblies (867ms)
				LogAssemblyErrors (0ms)
				InitializePlatformSupportModulesInManaged (10ms)
				SetLoadedEditorAssemblies (1ms)
				RefreshPlugins (1ms)
				BeforeProcessingInitializeOnLoad (128ms)
				ProcessInitializeOnLoadAttributes (712ms)
				ProcessInitializeOnLoadMethodAttributes (4ms)
				AfterProcessingInitializeOnLoad (10ms)
				EditorAssembliesLoaded (0ms)
			ExecutionOrderSort2 (0ms)
			AwakeInstancesAfterBackupRestoration (10ms)
Platform modules already initialized, skipping
Refreshing native plugins compatible for Editor in 0.54 ms, found 2 plugins.
Preloading 0 native plugins for Editor in 0.00 ms.
Unloading 1391 Unused Serialized files (Serialized files now loaded: 0)
System memory in use before: 68.5 MB.
System memory in use after: 68.6 MB.

Unloading 14 unused Assets to reduce memory usage. Loaded Objects now: 1896.
Total: 5.188400 ms (FindLiveObjects: 0.238000 ms CreateObjectMapping: 0.119000 ms MarkObjects: 4.799900 ms  DeleteObjects: 0.028900 ms)

AssetImportParameters requested are different than current active one (requested -> active):
  custom:framework-win-MediaFoundation: 216162199b28c13a410421893ffa2e32 -> 
  custom:video-decoder-ogg-theora: a1e56fd34408186e4bbccfd4996cb3dc -> 
  custom:container-muxer-webm: aa71ff27fc2769a1b78a27578f13a17b -> 
  custom:container-demuxer-webm: 4f35f7cbe854078d1ac9338744f61a02 -> 
  custom:container-demuxer-ogg: 62fdf1f143b41e24485cea50d1cbac27 -> 
  custom:video-encoder-webm-vp8: eb34c28f22e8b96e1ab97ce403110664 -> 
  custom:video-decoder-webm-vp8: 9c59270c3fd7afecdb556c50c9e8de78 -> 
  custom:audio-decoder-ogg-vorbis: bf7c407c2cedff20999df2af8eb42d56 -> 
  custom:audio-encoder-webm-vorbis: bf7c407c2cedff20999df2af8eb42d56 -> 
========================================================================
Received Prepare
Registering precompiled user dll's ...
Registered in 0.006938 seconds.
Begin MonoManager ReloadAssembly
Native extension for WindowsStandalone target not found
Native extension for WebGL target not found
Refreshing native plugins compatible for Editor in 0.43 ms, found 2 plugins.
Preloading 0 native plugins for Editor in 0.00 ms.
Mono: successfully reloaded assembly
- Completed reload, in  1.531 seconds
Domain Reload Profiling:
	ReloadAssembly (1531ms)
		BeginReloadAssembly (122ms)
			ExecutionOrderSort (0ms)
			DisableScriptedObjects (5ms)
			BackupInstance (0ms)
			ReleaseScriptingObjects (0ms)
			CreateAndSetChildDomain (35ms)
		EndReloadAssembly (1332ms)
			LoadAssemblies (105ms)
			RebuildTransferFunctionScriptingTraits (0ms)
			SetupTypeCache (334ms)
			ReleaseScriptCaches (1ms)
			RebuildScriptCaches (48ms)
			SetupLoadedEditorAssemblies (720ms)
				LogAssemblyErrors (0ms)
				InitializePlatformSupportModulesInManaged (8ms)
				SetLoadedEditorAssemblies (1ms)
				RefreshPlugins (1ms)
				BeforeProcessingInitializeOnLoad (109ms)
				ProcessInitializeOnLoadAttributes (589ms)
				ProcessInitializeOnLoadMethodAttributes (4ms)
				AfterProcessingInitializeOnLoad (9ms)
				EditorAssembliesLoaded (0ms)
			ExecutionOrderSort2 (0ms)
			AwakeInstancesAfterBackupRestoration (9ms)
Platform modules already initialized, skipping
Refreshing native plugins compatible for Editor in 0.41 ms, found 2 plugins.
Preloading 0 native plugins for Editor in 0.00 ms.
Unloading 1391 Unused Serialized files (Serialized files now loaded: 0)
System memory in use before: 68.5 MB.
System memory in use after: 68.6 MB.

Unloading 13 unused Assets to reduce memory usage. Loaded Objects now: 1898.
Total: 4.446200 ms (FindLiveObjects: 0.159900 ms CreateObjectMapping: 0.057500 ms MarkObjects: 4.201500 ms  DeleteObjects: 0.025000 ms)

AssetImportParameters requested are different than current active one (requested -> active):
  custom:framework-win-MediaFoundation: 216162199b28c13a410421893ffa2e32 -> 
  custom:video-decoder-ogg-theora: a1e56fd34408186e4bbccfd4996cb3dc -> 
  custom:container-muxer-webm: aa71ff27fc2769a1b78a27578f13a17b -> 
  custom:container-demuxer-webm: 4f35f7cbe854078d1ac9338744f61a02 -> 
  custom:container-demuxer-ogg: 62fdf1f143b41e24485cea50d1cbac27 -> 
  custom:video-encoder-webm-vp8: eb34c28f22e8b96e1ab97ce403110664 -> 
  custom:video-decoder-webm-vp8: 9c59270c3fd7afecdb556c50c9e8de78 -> 
  custom:audio-decoder-ogg-vorbis: bf7c407c2cedff20999df2af8eb42d56 -> 
  custom:audio-encoder-webm-vorbis: bf7c407c2cedff20999df2af8eb42d56 -> 
